Using pre-set license

 COMMAND LINE ARGUMENTS:
/Applications/Unity/Hub/Editor/2020.3.12f1/Unity.app/Contents/MacOS/Unity
-adb2
-batchMode
-noUpm
-name
AssetImportWorker0
-projectPath
/Users/jackyi/projects/EducationEnfant/EudcationEnfant
-logFile
Logs/AssetImportWorker0.log
-srvPort
54429
Successfully changed project path to: /Users/jackyi/projects/EducationEnfant/EudcationEnfant
/Users/jackyi/projects/EducationEnfant/EudcationEnfant
Using Asset Import Pipeline V2.
Refreshing native plugins compatible for Editor in 25.06 ms, found 2 plugins.
Preloading 0 native plugins for Editor in 0.00 ms.
Initialize engine version: 2020.3.12f1 (b3b2c6512326)
[Subsystems] Discovering subsystems at path /Applications/Unity/Hub/Editor/2020.3.12f1/Unity.app/Contents/Resources/UnitySubsystems
[Subsystems] Discovering subsystems at path /Users/jackyi/projects/EducationEnfant/EudcationEnfant/Assets
GfxDevice: creating device client; threaded=0
2021-11-07 13:31:19.063 Unity[25619:636585] Color LCD preferred device: AMD Radeon Pro 560X (high power)
2021-11-07 13:31:19.063 Unity[25619:636585] Metal devices available: 2
2021-11-07 13:31:19.063 Unity[25619:636585] 0: AMD Radeon Pro 560X (high power)
2021-11-07 13:31:19.063 Unity[25619:636585] 1: Intel(R) UHD Graphics 630 (low power)
2021-11-07 13:31:19.063 Unity[25619:636585] Using device AMD Radeon Pro 560X (high power)
Initializing Metal device caps: AMD Radeon Pro 560X
Initialize mono
Mono path[0] = '/Applications/Unity/Hub/Editor/2020.3.12f1/Unity.app/Contents/Managed'
Mono path[1] = '/Applications/Unity/Hub/Editor/2020.3.12f1/Unity.app/Contents/MonoBleedingEdge/lib/mono/unityjit'
Mono config path = '/Applications/Unity/Hub/Editor/2020.3.12f1/Unity.app/Contents/MonoBleedingEdge/etc'
Using monoOptions --debugger-agent=transport=dt_socket,embedding=1,server=y,suspend=n,address=127.0.0.1:56619
Begin MonoManager ReloadAssembly
Registering precompiled unity dll's ...
Register platform support module: /Applications/Unity/Hub/Editor/2020.3.12f1/PlaybackEngines/WebGLSupport/UnityEditor.WebGL.Extensions.dll
Register platform support module: /Applications/Unity/Hub/Editor/2020.3.12f1/Unity.app/Contents/PlaybackEngines/MacStandaloneSupport/UnityEditor.OSXStandalone.Extensions.dll
Registered in 0.000643 seconds.
Native extension for OSXStandalone target not found
Native extension for WebGL target not found
Refreshing native plugins compatible for Editor in 23.47 ms, found 2 plugins.
Preloading 0 native plugins for Editor in 0.00 ms.
Mono: successfully reloaded assembly
- Completed reload, in  1.806 seconds
Platform modules already initialized, skipping
Registering precompiled user dll's ...
Registered in 0.001333 seconds.
Begin MonoManager ReloadAssembly
Native extension for OSXStandalone target not found
Native extension for WebGL target not found
Refreshing native plugins compatible for Editor in 0.25 ms, found 2 plugins.
Preloading 0 native plugins for Editor in 0.00 ms.
Mono: successfully reloaded assembly
- Completed reload, in  0.987 seconds
Platform modules already initialized, skipping
========================================================================
Worker process is ready to serve import requests
Launching external process: /Applications/Unity/Hub/Editor/2020.3.12f1/Unity.app/Contents/Tools/UnityShaderCompiler
Launched and connected shader compiler UnityShaderCompiler after 0.01 seconds
Refreshing native plugins compatible for Editor in 0.25 ms, found 2 plugins.
Preloading 0 native plugins for Editor in 0.00 ms.
Unloading 1386 Unused Serialized files (Serialized files now loaded: 0)
System memory in use before: 170.1 MB.
System memory in use after: 170.2 MB.

Unloading 19 unused Assets to reduce memory usage. Loaded Objects now: 1819.
Total: 1.734180 ms (FindLiveObjects: 0.165540 ms CreateObjectMapping: 0.044289 ms MarkObjects: 1.453432 ms  DeleteObjects: 0.070299 ms)

AssetImportParameters requested are different than current active one (requested -> active):
  custom:video-decoder-ogg-theora: a1e56fd34408186e4bbccfd4996cb3dc -> 
  custom:container-muxer-webm: aa71ff27fc2769a1b78a27578f13a17b -> 
  custom:container-demuxer-webm: 4f35f7cbe854078d1ac9338744f61a02 -> 
  custom:container-demuxer-ogg: 62fdf1f143b41e24485cea50d1cbac27 -> 
  custom:video-encoder-webm-vp8: eb34c28f22e8b96e1ab97ce403110664 -> 
  custom:framework-osx-AVFoundation: e770b220cccbd017edd2c1fefb359320 -> 
  custom:video-decoder-webm-vp8: 9c59270c3fd7afecdb556c50c9e8de78 -> 
  custom:audio-decoder-ogg-vorbis: bf7c407c2cedff20999df2af8eb42d56 -> 
  custom:audio-encoder-webm-vorbis: bf7c407c2cedff20999df2af8eb42d56 -> 
========================================================================
Received Import Request.
  path: Assets/Model
  artifactKey: Guid(48a15d71e7e0348c4b1911a534604073) Importer(815301076,1909f56bfc062723c751e8b465ee728b)
Start importing Assets/Model using Guid(48a15d71e7e0348c4b1911a534604073) Importer(815301076,1909f56bfc062723c751e8b465ee728b)  -> (artifact id: 'ae90cf5e79b3a0eec75d3f41f04ca054') in 0.004129 seconds 
  Import took 0.006036 seconds .

========================================================================
Received Import Request.
  Time since last request: 0.000602 seconds.
  path: Assets/Model
  artifactKey: Guid(48a15d71e7e0348c4b1911a534604073) Importer(815301076,1909f56bfc062723c751e8b465ee728b)
Start importing Assets/Model using Guid(48a15d71e7e0348c4b1911a534604073) Importer(815301076,1909f56bfc062723c751e8b465ee728b)  -> (artifact id: 'ae90cf5e79b3a0eec75d3f41f04ca054') in 0.001432 seconds 
  Import took 0.003123 seconds .

========================================================================
Received Import Request.
  Time since last request: 6.411493 seconds.
  path: Assets/Model/Model
  artifactKey: Guid(308e9218cc45547edacc97ee7ae2b2da) Importer(815301076,1909f56bfc062723c751e8b465ee728b)
Start importing Assets/Model/Model using Guid(308e9218cc45547edacc97ee7ae2b2da) Importer(815301076,1909f56bfc062723c751e8b465ee728b)  -> (artifact id: 'ede0b6f3bd8c9726a62afe7352e2a073') in 0.001693 seconds 
  Import took 0.003561 seconds .

========================================================================
Received Import Request.
  Time since last request: 7.150201 seconds.
  path: Assets/Model/Texture
  artifactKey: Guid(6d09d7c67653349769b5396b124b56c1) Importer(815301076,1909f56bfc062723c751e8b465ee728b)
Start importing Assets/Model/Texture using Guid(6d09d7c67653349769b5396b124b56c1) Importer(815301076,1909f56bfc062723c751e8b465ee728b)  -> (artifact id: '0d36fbe1c201183f9405d112eecf25b0') in 0.001471 seconds 
  Import took 0.003313 seconds .

========================================================================
Received Import Request.
  Time since last request: 5.517311 seconds.
  path: Assets/Model/Materials
  artifactKey: Guid(914843b6825844988bd4791e73b606b0) Importer(815301076,1909f56bfc062723c751e8b465ee728b)
Start importing Assets/Model/Materials using Guid(914843b6825844988bd4791e73b606b0) Importer(815301076,1909f56bfc062723c751e8b465ee728b)  -> (artifact id: '216c74cff94ed63a34ac7e2e7fe17f1c') in 0.001550 seconds 
  Import took 0.003503 seconds .

========================================================================
Received Import Request.
  Time since last request: 6.057819 seconds.
  path: Assets/Model/Textures
  artifactKey: Guid(6d09d7c67653349769b5396b124b56c1) Importer(815301076,1909f56bfc062723c751e8b465ee728b)
Start importing Assets/Model/Textures using Guid(6d09d7c67653349769b5396b124b56c1) Importer(815301076,1909f56bfc062723c751e8b465ee728b)  -> (artifact id: 'b110ca99f3829e5cdc545c895be3d508') in 0.000914 seconds 
  Import took 0.002683 seconds .

========================================================================
Received Import Request.
  Time since last request: 4.496414 seconds.
  path: Assets/Model/Models
  artifactKey: Guid(308e9218cc45547edacc97ee7ae2b2da) Importer(815301076,1909f56bfc062723c751e8b465ee728b)
Start importing Assets/Model/Models using Guid(308e9218cc45547edacc97ee7ae2b2da) Importer(815301076,1909f56bfc062723c751e8b465ee728b)  -> (artifact id: 'c574d095f596c4ca1ea21cd16eca6128') in 0.000971 seconds 
  Import took 0.002860 seconds .

========================================================================
Received Import Request.
  Time since last request: 7.186893 seconds.
  path: Assets/Animation
  artifactKey: Guid(af997f4cb4208427aac6bc9a4b85d740) Importer(815301076,1909f56bfc062723c751e8b465ee728b)
Start importing Assets/Animation using Guid(af997f4cb4208427aac6bc9a4b85d740) Importer(815301076,1909f56bfc062723c751e8b465ee728b)  -> (artifact id: '272f480316bbc00f226f23f6b4676dc9') in 0.001305 seconds 
  Import took 0.003156 seconds .

========================================================================
Received Import Request.
  Time since last request: 6.080982 seconds.
  path: Assets/Audos
  artifactKey: Guid(88951d1769325478ebb1f93c4792fba0) Importer(815301076,1909f56bfc062723c751e8b465ee728b)
Start importing Assets/Audos using Guid(88951d1769325478ebb1f93c4792fba0) Importer(815301076,1909f56bfc062723c751e8b465ee728b)  -> (artifact id: '32946d554fa103c082f1a8d5d12551bc') in 0.001248 seconds 
  Import took 0.003024 seconds .

========================================================================
Received Import Request.
  Time since last request: 11.659421 seconds.
  path: Assets/Ressources
  artifactKey: Guid(47728d87005d44f71a7b1b81639b490e) Importer(815301076,1909f56bfc062723c751e8b465ee728b)
Start importing Assets/Ressources using Guid(47728d87005d44f71a7b1b81639b490e) Importer(815301076,1909f56bfc062723c751e8b465ee728b)  -> (artifact id: 'd9bcd4b6e8bb5598c3c65fe4c3b26d0c') in 0.001600 seconds 
  Import took 0.003423 seconds .

========================================================================
Received Import Request.
  Time since last request: 10.833435 seconds.
  path: Assets/Audios
  artifactKey: Guid(88951d1769325478ebb1f93c4792fba0) Importer(815301076,1909f56bfc062723c751e8b465ee728b)
Start importing Assets/Audios using Guid(88951d1769325478ebb1f93c4792fba0) Importer(815301076,1909f56bfc062723c751e8b465ee728b)  -> (artifact id: '03b0717dd1e87cc131e7dbc572a65bb9') in 0.000934 seconds 
  Import took 0.002693 seconds .

